{"numFailedTestSuites":0,"numFailedTests":0,"numPassedTestSuites":1,"numPassedTests":1,"numPendingTestSuites":0,"numPendingTests":0,"numRuntimeErrorTestSuites":0,"numTodoTests":0,"numTotalTestSuites":1,"numTotalTests":1,"openHandles":[],"snapshot":{"added":0,"didUpdate":false,"failure":false,"filesAdded":0,"filesRemoved":0,"filesRemovedList":[],"filesUnmatched":0,"filesUpdated":0,"matched":0,"total":0,"unchecked":0,"uncheckedKeysByFile":[],"unmatched":0,"updated":0},"startTime":1740160588099,"success":true,"testResults":[{"assertionResults":[{"ancestorTitles":[],"duration":2,"failureDetails":[],"failureMessages":[],"fullName":"Sample test","invocations":1,"location":null,"numPassingAsserts":1,"retryReasons":[],"status":"passed","title":"Sample test"}],"endTime":1740160588316,"message":"","name":"C:\\Users\\kural\\OneDrive\\Desktop\\test-automation-framework\\test\\sample.test.js","startTime":1740160588136,"status":"passed","summary":""}],"wasInterrupted":false}
