<?xml version="1.0" encoding="utf-8"?><testsuites><testsuite name="pytest" errors="0" failures="0" skipped="0" tests="8" time="0.048" timestamp="2025-02-21T00:51:25.617654+05:30" hostname="Tanmay"><testcase classname="test-automation-framework.tests.test_functions" name="test_add" time="0.001" /><testcase classname="test-automation-framework.tests.test_functions" name="test_subtract" time="0.000" /><testcase classname="test-automation-framework.tests.test_functions" name="test_multiply" time="0.000" /><testcase classname="test-automation-framework.tests.test_functions" name="test_divide" time="0.000" /><testcase classname="test_db" name="test_database_connection" time="0.001" /><testcase classname="test_db" name="test_fetch_users" time="0.000" /><testcase classname="test_db" name="test_insert_user" time="0.000" /><testcase classname="test_db" name="test_delete_user" time="0.000" /></testsuite></testsuites>